mode: set
github.com/piotr-halas/decodo-workflow/internal/db/db.go:14.36,16.16 2 1
github.com/piotr-halas/decodo-workflow/internal/db/db.go:16.16,18.3 1 0
github.com/piotr-halas/decodo-workflow/internal/db/db.go:20.2,20.36 1 1
github.com/piotr-halas/decodo-workflow/internal/db/db.go:20.36,22.3 1 0
github.com/piotr-halas/decodo-workflow/internal/db/db.go:24.2,25.37 2 1
github.com/piotr-halas/decodo-workflow/internal/db/db.go:25.37,27.3 1 0
github.com/piotr-halas/decodo-workflow/internal/db/db.go:29.2,29.16 1 1
github.com/piotr-halas/decodo-workflow/internal/db/db.go:32.29,34.2 1 1
github.com/piotr-halas/decodo-workflow/internal/db/db.go:36.30,38.2 1 0
github.com/piotr-halas/decodo-workflow/internal/db/migrations.go:5.31,84.31 2 1
github.com/piotr-halas/decodo-workflow/internal/db/migrations.go:84.31,85.44 1 1
github.com/piotr-halas/decodo-workflow/internal/db/migrations.go:85.44,87.4 1 0
github.com/piotr-halas/decodo-workflow/internal/db/migrations.go:90.2,90.12 1 1
github.com/piotr-halas/decodo-workflow/internal/db/queries.go:11.54,16.24 5 1
github.com/piotr-halas/decodo-workflow/internal/db/queries.go:16.24,18.3 1 1
github.com/piotr-halas/decodo-workflow/internal/db/queries.go:19.2,19.25 1 1
github.com/piotr-halas/decodo-workflow/internal/db/queries.go:19.25,21.3 1 1
github.com/piotr-halas/decodo-workflow/internal/db/queries.go:23.2,27.12 2 1
github.com/piotr-halas/decodo-workflow/internal/db/queries.go:30.55,35.16 2 1
github.com/piotr-halas/decodo-workflow/internal/db/queries.go:35.16,37.3 1 0
github.com/piotr-halas/decodo-workflow/internal/db/queries.go:38.2,41.18 3 1
github.com/piotr-halas/decodo-workflow/internal/db/queries.go:41.18,43.151 2 1
github.com/piotr-halas/decodo-workflow/internal/db/queries.go:43.151,45.4 1 0
github.com/piotr-halas/decodo-workflow/internal/db/queries.go:46.3,46.33 1 1
github.com/piotr-halas/decodo-workflow/internal/db/queries.go:48.2,48.29 1 1
github.com/piotr-halas/decodo-workflow/internal/db/queries.go:51.62,57.26 3 1
github.com/piotr-halas/decodo-workflow/internal/db/queries.go:57.26,59.3 1 0
github.com/piotr-halas/decodo-workflow/internal/db/queries.go:60.2,60.16 1 1
github.com/piotr-halas/decodo-workflow/internal/db/queries.go:60.16,62.3 1 0
github.com/piotr-halas/decodo-workflow/internal/db/queries.go:63.2,63.16 1 1
github.com/piotr-halas/decodo-workflow/internal/db/queries.go:66.54,72.2 3 1
github.com/piotr-halas/decodo-workflow/internal/db/queries.go:74.46,77.2 2 0
github.com/piotr-halas/decodo-workflow/internal/db/queries.go:79.52,80.16 1 0
github.com/piotr-halas/decodo-workflow/internal/db/queries.go:80.16,82.3 1 0
github.com/piotr-halas/decodo-workflow/internal/db/queries.go:83.2,108.12 3 0
github.com/piotr-halas/decodo-workflow/internal/db/queries.go:111.52,113.20 2 1
github.com/piotr-halas/decodo-workflow/internal/db/queries.go:113.20,115.3 1 1
github.com/piotr-halas/decodo-workflow/internal/db/queries.go:116.2,116.21 1 1
github.com/piotr-halas/decodo-workflow/internal/db/queries.go:116.21,118.3 1 1
github.com/piotr-halas/decodo-workflow/internal/db/queries.go:119.2,134.12 7 1
github.com/piotr-halas/decodo-workflow/internal/db/queries.go:137.78,146.16 2 0
github.com/piotr-halas/decodo-workflow/internal/db/queries.go:146.16,148.3 1 0
github.com/piotr-halas/decodo-workflow/internal/db/queries.go:149.2,152.18 3 0
github.com/piotr-halas/decodo-workflow/internal/db/queries.go:152.18,159.17 2 0
github.com/piotr-halas/decodo-workflow/internal/db/queries.go:159.17,161.4 1 0
github.com/piotr-halas/decodo-workflow/internal/db/queries.go:162.3,162.31 1 0
github.com/piotr-halas/decodo-workflow/internal/db/queries.go:164.2,164.28 1 0
github.com/piotr-halas/decodo-workflow/internal/db/queries.go:167.53,175.16 2 0
github.com/piotr-halas/decodo-workflow/internal/db/queries.go:175.16,177.3 1 0
github.com/piotr-halas/decodo-workflow/internal/db/queries.go:178.2,181.18 3 0
github.com/piotr-halas/decodo-workflow/internal/db/queries.go:181.18,188.17 2 0
github.com/piotr-halas/decodo-workflow/internal/db/queries.go:188.17,190.4 1 0
github.com/piotr-halas/decodo-workflow/internal/db/queries.go:191.3,191.31 1 0
github.com/piotr-halas/decodo-workflow/internal/db/queries.go:193.2,193.28 1 0
github.com/piotr-halas/decodo-workflow/internal/db/queries.go:196.70,210.26 3 0
github.com/piotr-halas/decodo-workflow/internal/db/queries.go:210.26,212.3 1 0
github.com/piotr-halas/decodo-workflow/internal/db/queries.go:213.2,213.16 1 0
github.com/piotr-halas/decodo-workflow/internal/db/queries.go:213.16,215.3 1 0
github.com/piotr-halas/decodo-workflow/internal/db/queries.go:216.2,216.16 1 0
github.com/piotr-halas/decodo-workflow/internal/db/queries.go:219.64,233.26 3 0
github.com/piotr-halas/decodo-workflow/internal/db/queries.go:233.26,235.3 1 0
github.com/piotr-halas/decodo-workflow/internal/db/queries.go:236.2,236.16 1 0
github.com/piotr-halas/decodo-workflow/internal/db/queries.go:236.16,238.3 1 0
github.com/piotr-halas/decodo-workflow/internal/db/queries.go:239.2,239.16 1 0
github.com/piotr-halas/decodo-workflow/internal/db/queries.go:242.56,247.20 5 1
github.com/piotr-halas/decodo-workflow/internal/db/queries.go:247.20,249.3 1 1
github.com/piotr-halas/decodo-workflow/internal/db/queries.go:251.2,255.12 2 1
github.com/piotr-halas/decodo-workflow/internal/db/queries.go:258.98,263.2 2 0
github.com/piotr-halas/decodo-workflow/internal/db/queries.go:265.64,270.2 2 0
github.com/piotr-halas/decodo-workflow/internal/db/queries.go:272.68,277.2 2 0
github.com/piotr-halas/decodo-workflow/internal/db/queries.go:279.64,285.26 3 0
github.com/piotr-halas/decodo-workflow/internal/db/queries.go:285.26,287.3 1 0
github.com/piotr-halas/decodo-workflow/internal/db/queries.go:288.2,288.16 1 0
github.com/piotr-halas/decodo-workflow/internal/db/queries.go:288.16,290.3 1 0
github.com/piotr-halas/decodo-workflow/internal/db/queries.go:291.2,291.16 1 0
github.com/piotr-halas/decodo-workflow/internal/db/queries.go:294.82,299.16 2 0
github.com/piotr-halas/decodo-workflow/internal/db/queries.go:299.16,301.3 1 0
github.com/piotr-halas/decodo-workflow/internal/db/queries.go:302.2,305.18 3 0
github.com/piotr-halas/decodo-workflow/internal/db/queries.go:305.18,307.157 2 0
github.com/piotr-halas/decodo-workflow/internal/db/queries.go:307.157,309.4 1 0
github.com/piotr-halas/decodo-workflow/internal/db/queries.go:310.3,310.35 1 0
github.com/piotr-halas/decodo-workflow/internal/db/queries.go:312.2,312.30 1 0
github.com/piotr-halas/decodo-workflow/internal/db/queries.go:315.57,320.16 2 0
github.com/piotr-halas/decodo-workflow/internal/db/queries.go:320.16,322.3 1 0
github.com/piotr-halas/decodo-workflow/internal/db/queries.go:323.2,326.18 3 0
github.com/piotr-halas/decodo-workflow/internal/db/queries.go:326.18,328.157 2 0
github.com/piotr-halas/decodo-workflow/internal/db/queries.go:328.157,330.4 1 0
github.com/piotr-halas/decodo-workflow/internal/db/queries.go:331.3,331.35 1 0
github.com/piotr-halas/decodo-workflow/internal/db/queries.go:333.2,333.30 1 0
github.com/piotr-halas/decodo-workflow/internal/db/queries.go:336.48,340.20 4 1
github.com/piotr-halas/decodo-workflow/internal/db/queries.go:340.20,342.3 1 1
github.com/piotr-halas/decodo-workflow/internal/db/queries.go:344.2,348.12 2 1
github.com/piotr-halas/decodo-workflow/internal/db/queries.go:351.75,353.16 2 0
github.com/piotr-halas/decodo-workflow/internal/db/queries.go:354.26,356.13 2 0
github.com/piotr-halas/decodo-workflow/internal/db/queries.go:357.47,359.13 2 0
github.com/piotr-halas/decodo-workflow/internal/db/queries.go:360.10,362.13 2 0
github.com/piotr-halas/decodo-workflow/internal/db/queries.go:366.79,369.2 2 0
github.com/piotr-halas/decodo-workflow/internal/db/queries.go:371.63,374.2 2 0
github.com/piotr-halas/decodo-workflow/internal/db/queries.go:376.55,381.16 2 0
github.com/piotr-halas/decodo-workflow/internal/db/queries.go:381.16,383.3 1 0
github.com/piotr-halas/decodo-workflow/internal/db/queries.go:384.2,387.18 3 0
github.com/piotr-halas/decodo-workflow/internal/db/queries.go:387.18,389.191 2 0
github.com/piotr-halas/decodo-workflow/internal/db/queries.go:389.191,391.4 1 0
github.com/piotr-halas/decodo-workflow/internal/db/queries.go:392.3,392.27 1 0
github.com/piotr-halas/decodo-workflow/internal/db/queries.go:394.2,394.26 1 0
github.com/piotr-halas/decodo-workflow/internal/db/queries.go:397.76,402.16 2 0
github.com/piotr-halas/decodo-workflow/internal/db/queries.go:402.16,404.3 1 0
github.com/piotr-halas/decodo-workflow/internal/db/queries.go:405.2,408.18 3 0
github.com/piotr-halas/decodo-workflow/internal/db/queries.go:408.18,410.191 2 0
github.com/piotr-halas/decodo-workflow/internal/db/queries.go:410.191,412.4 1 0
github.com/piotr-halas/decodo-workflow/internal/db/queries.go:413.3,413.27 1 0
github.com/piotr-halas/decodo-workflow/internal/db/queries.go:415.2,415.26 1 0
github.com/piotr-halas/decodo-workflow/internal/db/queries.go:418.71,423.16 2 0
github.com/piotr-halas/decodo-workflow/internal/db/queries.go:423.16,425.3 1 0
github.com/piotr-halas/decodo-workflow/internal/db/queries.go:426.2,429.18 3 0
github.com/piotr-halas/decodo-workflow/internal/db/queries.go:429.18,431.191 2 0
github.com/piotr-halas/decodo-workflow/internal/db/queries.go:431.191,433.4 1 0
github.com/piotr-halas/decodo-workflow/internal/db/queries.go:434.3,434.27 1 0
github.com/piotr-halas/decodo-workflow/internal/db/queries.go:436.2,436.26 1 0
github.com/piotr-halas/decodo-workflow/internal/db/queries.go:439.71,442.16 3 0
github.com/piotr-halas/decodo-workflow/internal/db/queries.go:442.16,444.3 1 0
github.com/piotr-halas/decodo-workflow/internal/db/queries.go:445.2,445.45 1 0
github.com/piotr-halas/decodo-workflow/internal/db/queries.go:448.67,451.16 3 0
github.com/piotr-halas/decodo-workflow/internal/db/queries.go:451.16,453.3 1 0
github.com/piotr-halas/decodo-workflow/internal/db/queries.go:454.2,454.23 1 0
github.com/piotr-halas/decodo-workflow/internal/db/queries.go:457.64,467.2 5 0
github.com/piotr-halas/decodo-workflow/internal/db/queries.go:469.80,474.16 2 0
github.com/piotr-halas/decodo-workflow/internal/db/queries.go:474.16,476.3 1 0
github.com/piotr-halas/decodo-workflow/internal/db/queries.go:477.2,480.18 3 0
github.com/piotr-halas/decodo-workflow/internal/db/queries.go:480.18,482.119 2 0
github.com/piotr-halas/decodo-workflow/internal/db/queries.go:482.119,484.4 1 0
github.com/piotr-halas/decodo-workflow/internal/db/queries.go:485.3,485.33 1 0
github.com/piotr-halas/decodo-workflow/internal/db/queries.go:487.2,487.29 1 0
github.com/piotr-halas/decodo-workflow/internal/db/queries.go:490.55,493.2 2 0
github.com/piotr-halas/decodo-workflow/internal/db/queries.go:495.56,497.28 2 1
github.com/piotr-halas/decodo-workflow/internal/db/queries.go:497.28,499.3 1 1
github.com/piotr-halas/decodo-workflow/internal/db/queries.go:500.2,500.24 1 1
github.com/piotr-halas/decodo-workflow/internal/db/queries.go:500.24,502.3 1 0
github.com/piotr-halas/decodo-workflow/internal/db/queries.go:504.2,508.12 2 1
github.com/piotr-halas/decodo-workflow/internal/db/queries.go:511.68,516.16 2 1
github.com/piotr-halas/decodo-workflow/internal/db/queries.go:516.16,518.3 1 0
github.com/piotr-halas/decodo-workflow/internal/db/queries.go:519.2,522.18 3 1
github.com/piotr-halas/decodo-workflow/internal/db/queries.go:522.18,524.92 2 1
github.com/piotr-halas/decodo-workflow/internal/db/queries.go:524.92,526.4 1 0
github.com/piotr-halas/decodo-workflow/internal/db/queries.go:527.3,527.25 1 1
github.com/piotr-halas/decodo-workflow/internal/db/queries.go:529.2,529.25 1 1
github.com/piotr-halas/decodo-workflow/internal/db/queries.go:532.99,537.16 2 1
github.com/piotr-halas/decodo-workflow/internal/db/queries.go:537.16,539.3 1 0
github.com/piotr-halas/decodo-workflow/internal/db/queries.go:540.2,543.18 3 1
github.com/piotr-halas/decodo-workflow/internal/db/queries.go:543.18,545.92 2 1
github.com/piotr-halas/decodo-workflow/internal/db/queries.go:545.92,547.4 1 0
github.com/piotr-halas/decodo-workflow/internal/db/queries.go:548.3,548.25 1 1
github.com/piotr-halas/decodo-workflow/internal/db/queries.go:550.2,550.25 1 1
github.com/piotr-halas/decodo-workflow/internal/db/queries.go:553.56,559.26 3 0
github.com/piotr-halas/decodo-workflow/internal/db/queries.go:559.26,561.3 1 0
github.com/piotr-halas/decodo-workflow/internal/db/queries.go:562.2,562.16 1 0
github.com/piotr-halas/decodo-workflow/internal/db/queries.go:562.16,564.3 1 0
github.com/piotr-halas/decodo-workflow/internal/db/queries.go:565.2,565.16 1 0
github.com/piotr-halas/decodo-workflow/internal/agent/runner.go:26.65,31.2 1 1
github.com/piotr-halas/decodo-workflow/internal/agent/runner.go:33.45,35.2 1 1
github.com/piotr-halas/decodo-workflow/internal/agent/runner.go:44.82,46.2 1 0
github.com/piotr-halas/decodo-workflow/internal/agent/runner.go:48.107,63.16 8 1
github.com/piotr-halas/decodo-workflow/internal/agent/runner.go:63.16,65.3 1 0
github.com/piotr-halas/decodo-workflow/internal/agent/runner.go:67.2,68.16 2 1
github.com/piotr-halas/decodo-workflow/internal/agent/runner.go:68.16,70.3 1 0
github.com/piotr-halas/decodo-workflow/internal/agent/runner.go:72.2,72.36 1 1
github.com/piotr-halas/decodo-workflow/internal/agent/runner.go:72.36,74.3 1 0
github.com/piotr-halas/decodo-workflow/internal/agent/runner.go:76.2,89.16 10 1
github.com/piotr-halas/decodo-workflow/internal/agent/runner.go:89.16,90.47 1 1
github.com/piotr-halas/decodo-workflow/internal/agent/runner.go:90.47,92.4 1 1
github.com/piotr-halas/decodo-workflow/internal/agent/runner.go:95.2,103.33 3 1
github.com/piotr-halas/decodo-workflow/internal/agent/runner.go:103.33,105.3 1 1
github.com/piotr-halas/decodo-workflow/internal/agent/runner.go:107.2,114.15 2 1
github.com/piotr-halas/decodo-workflow/internal/agent/runner.go:117.155,121.21 3 1
github.com/piotr-halas/decodo-workflow/internal/agent/runner.go:121.21,126.41 4 1
github.com/piotr-halas/decodo-workflow/internal/agent/runner.go:126.41,127.68 1 1
github.com/piotr-halas/decodo-workflow/internal/agent/runner.go:127.68,129.5 1 1
github.com/piotr-halas/decodo-workflow/internal/agent/runner.go:133.2,133.38 1 1
github.com/piotr-halas/decodo-workflow/internal/agent/runner.go:133.38,135.3 1 0
github.com/piotr-halas/decodo-workflow/internal/agent/setup.go:10.66,12.53 2 0
github.com/piotr-halas/decodo-workflow/internal/agent/setup.go:12.53,14.3 1 0
github.com/piotr-halas/decodo-workflow/internal/agent/setup.go:16.2,17.16 2 0
github.com/piotr-halas/decodo-workflow/internal/agent/setup.go:17.16,19.3 1 0
github.com/piotr-halas/decodo-workflow/internal/agent/setup.go:21.2,21.32 1 0
github.com/piotr-halas/decodo-workflow/internal/agent/setup.go:21.32,22.20 1 0
github.com/piotr-halas/decodo-workflow/internal/agent/setup.go:22.20,23.12 1 0
github.com/piotr-halas/decodo-workflow/internal/agent/setup.go:25.3,26.17 2 0
github.com/piotr-halas/decodo-workflow/internal/agent/setup.go:26.17,28.4 1 0
github.com/piotr-halas/decodo-workflow/internal/agent/setup.go:29.3,30.58 2 0
github.com/piotr-halas/decodo-workflow/internal/agent/setup.go:30.58,32.4 1 0
github.com/piotr-halas/decodo-workflow/internal/agent/setup.go:33.3,33.56 1 0
github.com/piotr-halas/decodo-workflow/internal/agent/setup.go:36.2,37.76 2 0
github.com/piotr-halas/decodo-workflow/internal/agent/setup.go:37.76,39.3 1 0
github.com/piotr-halas/decodo-workflow/internal/agent/setup.go:40.2,42.12 2 0
github.com/piotr-halas/decodo-workflow/internal/agent/setup.go:45.70,46.30 1 0
github.com/piotr-halas/decodo-workflow/internal/agent/setup.go:46.30,47.52 1 0
github.com/piotr-halas/decodo-workflow/internal/agent/setup.go:47.52,49.4 1 0
github.com/piotr-halas/decodo-workflow/internal/agent/setup.go:51.2,51.12 1 0
github.com/piotr-halas/decodo-workflow/cmd/server/main.go:22.13,28.16 4 0
github.com/piotr-halas/decodo-workflow/cmd/server/main.go:28.16,31.3 2 0
github.com/piotr-halas/decodo-workflow/cmd/server/main.go:33.2,34.16 2 0
github.com/piotr-halas/decodo-workflow/cmd/server/main.go:34.16,37.3 2 0
github.com/piotr-halas/decodo-workflow/cmd/server/main.go:38.2,41.16 3 0
github.com/piotr-halas/decodo-workflow/cmd/server/main.go:41.16,44.3 2 0
github.com/piotr-halas/decodo-workflow/cmd/server/main.go:45.2,45.29 1 0
github.com/piotr-halas/decodo-workflow/cmd/server/main.go:45.29,46.67 1 0
github.com/piotr-halas/decodo-workflow/cmd/server/main.go:46.67,48.4 1 0
github.com/piotr-halas/decodo-workflow/cmd/server/main.go:51.2,57.21 5 0
github.com/piotr-halas/decodo-workflow/cmd/server/main.go:57.21,62.3 4 0
github.com/piotr-halas/decodo-workflow/cmd/server/main.go:62.8,64.3 1 0
github.com/piotr-halas/decodo-workflow/cmd/server/main.go:66.2,75.12 5 0
github.com/piotr-halas/decodo-workflow/cmd/server/main.go:75.12,77.80 2 0
github.com/piotr-halas/decodo-workflow/cmd/server/main.go:77.80,80.4 2 0
github.com/piotr-halas/decodo-workflow/cmd/server/main.go:83.2,93.30 9 0
github.com/piotr-halas/decodo-workflow/cmd/server/main.go:96.119,100.6 3 0
github.com/piotr-halas/decodo-workflow/cmd/server/main.go:100.6,101.10 1 0
github.com/piotr-halas/decodo-workflow/cmd/server/main.go:102.21,103.10 1 0
github.com/piotr-halas/decodo-workflow/cmd/server/main.go:104.19,105.42 1 0
github.com/piotr-halas/decodo-workflow/cmd/server/main.go:110.78,114.16 3 0
github.com/piotr-halas/decodo-workflow/cmd/server/main.go:114.16,117.3 2 0
github.com/piotr-halas/decodo-workflow/cmd/server/main.go:119.2,119.25 1 0
github.com/piotr-halas/decodo-workflow/cmd/server/main.go:119.25,121.60 2 0
github.com/piotr-halas/decodo-workflow/cmd/server/main.go:121.60,123.12 2 0
github.com/piotr-halas/decodo-workflow/cmd/server/main.go:127.2,127.55 1 0
github.com/piotr-halas/decodo-workflow/internal/api/router.go:13.71,53.2 28 0
github.com/piotr-halas/decodo-workflow/internal/config/config.go:20.30,36.2 5 0
github.com/piotr-halas/decodo-workflow/internal/config/config.go:38.42,39.34 1 0
github.com/piotr-halas/decodo-workflow/internal/config/config.go:39.34,41.3 1 0
github.com/piotr-halas/decodo-workflow/internal/config/config.go:42.2,42.17 1 0
github.com/piotr-halas/decodo-workflow/internal/config/config.go:45.46,46.34 1 0
github.com/piotr-halas/decodo-workflow/internal/config/config.go:46.34,47.44 1 0
github.com/piotr-halas/decodo-workflow/internal/config/config.go:47.44,49.4 1 0
github.com/piotr-halas/decodo-workflow/internal/config/config.go:51.2,51.17 1 0
github.com/piotr-halas/decodo-workflow/internal/integrations/jira/client.go:23.75,31.2 1 0
github.com/piotr-halas/decodo-workflow/internal/integrations/jira/client.go:33.60,38.16 4 0
github.com/piotr-halas/decodo-workflow/internal/integrations/jira/client.go:38.16,40.3 1 0
github.com/piotr-halas/decodo-workflow/internal/integrations/jira/client.go:41.2,45.16 4 0
github.com/piotr-halas/decodo-workflow/internal/integrations/jira/client.go:45.16,47.3 1 0
github.com/piotr-halas/decodo-workflow/internal/integrations/jira/client.go:48.2,50.38 2 0
github.com/piotr-halas/decodo-workflow/internal/integrations/jira/client.go:50.38,53.3 2 0
github.com/piotr-halas/decodo-workflow/internal/integrations/jira/client.go:55.2,56.71 2 0
github.com/piotr-halas/decodo-workflow/internal/integrations/jira/client.go:56.71,58.3 1 0
github.com/piotr-halas/decodo-workflow/internal/integrations/jira/client.go:60.2,63.42 3 0
github.com/piotr-halas/decodo-workflow/internal/integrations/jira/client.go:63.42,67.35 3 0
github.com/piotr-halas/decodo-workflow/internal/integrations/jira/client.go:67.35,69.4 1 0
github.com/piotr-halas/decodo-workflow/internal/integrations/jira/client.go:71.3,84.5 1 0
github.com/piotr-halas/decodo-workflow/internal/integrations/jira/client.go:87.2,87.21 1 0
github.com/piotr-halas/decodo-workflow/internal/integrations/jira/client.go:90.34,91.17 1 0
github.com/piotr-halas/decodo-workflow/internal/integrations/jira/client.go:91.17,93.3 1 0
github.com/piotr-halas/decodo-workflow/internal/integrations/jira/client.go:94.2,97.15 4 0
github.com/piotr-halas/decodo-workflow/internal/integrations/jira/client.go:97.15,99.3 1 0
github.com/piotr-halas/decodo-workflow/internal/integrations/jira/client.go:100.2,100.38 1 0
github.com/piotr-halas/decodo-workflow/internal/integrations/jira/types.go:53.36,54.14 1 0
github.com/piotr-halas/decodo-workflow/internal/integrations/jira/types.go:54.14,56.3 1 0
github.com/piotr-halas/decodo-workflow/internal/integrations/jira/types.go:57.2,57.31 1 0
github.com/piotr-halas/decodo-workflow/internal/integrations/jira/types.go:60.42,62.29 2 0
github.com/piotr-halas/decodo-workflow/internal/integrations/jira/types.go:62.29,63.22 1 0
github.com/piotr-halas/decodo-workflow/internal/integrations/jira/types.go:63.22,65.4 1 0
github.com/piotr-halas/decodo-workflow/internal/integrations/jira/types.go:66.3,66.28 1 0
github.com/piotr-halas/decodo-workflow/internal/integrations/jira/types.go:66.28,68.4 1 0
github.com/piotr-halas/decodo-workflow/internal/integrations/jira/types.go:69.3,69.57 1 0
github.com/piotr-halas/decodo-workflow/internal/integrations/jira/types.go:69.57,71.4 1 0
github.com/piotr-halas/decodo-workflow/internal/integrations/jira/types.go:73.2,73.15 1 0
github.com/piotr-halas/decodo-workflow/internal/integrations/jira/types.go:76.40,78.16 2 0
github.com/piotr-halas/decodo-workflow/internal/integrations/jira/types.go:78.16,80.3 1 0
github.com/piotr-halas/decodo-workflow/internal/integrations/jira/types.go:81.2,81.10 1 0
github.com/piotr-halas/decodo-workflow/internal/workflow/engine.go:23.84,31.2 3 1
github.com/piotr-halas/decodo-workflow/internal/workflow/engine.go:33.87,39.2 1 0
github.com/piotr-halas/decodo-workflow/internal/workflow/engine.go:41.106,47.48 2 0
github.com/piotr-halas/decodo-workflow/internal/workflow/engine.go:47.48,49.3 1 0
github.com/piotr-halas/decodo-workflow/internal/workflow/engine.go:51.2,62.46 5 0
github.com/piotr-halas/decodo-workflow/internal/workflow/engine.go:62.46,64.3 1 0
github.com/piotr-halas/decodo-workflow/internal/workflow/engine.go:66.2,66.88 1 0
github.com/piotr-halas/decodo-workflow/internal/workflow/engine.go:66.88,68.3 1 0
github.com/piotr-halas/decodo-workflow/internal/workflow/engine.go:69.2,71.16 2 0
github.com/piotr-halas/decodo-workflow/internal/workflow/engine.go:74.39,76.16 2 0
github.com/piotr-halas/decodo-workflow/internal/workflow/engine.go:76.16,79.3 2 0
github.com/piotr-halas/decodo-workflow/internal/workflow/engine.go:81.2,81.29 1 0
github.com/piotr-halas/decodo-workflow/internal/workflow/engine.go:81.29,83.3 1 0
github.com/piotr-halas/decodo-workflow/internal/workflow/engine.go:86.84,88.29 2 0
github.com/piotr-halas/decodo-workflow/internal/workflow/engine.go:88.29,90.3 1 0
github.com/piotr-halas/decodo-workflow/internal/workflow/engine.go:91.2,92.34 2 0
github.com/piotr-halas/decodo-workflow/internal/workflow/engine.go:92.34,94.3 1 0
github.com/piotr-halas/decodo-workflow/internal/workflow/engine.go:95.2,95.21 1 0
github.com/piotr-halas/decodo-workflow/internal/workflow/engine.go:98.48,101.75 2 0
github.com/piotr-halas/decodo-workflow/internal/workflow/engine.go:101.75,104.3 2 0
github.com/piotr-halas/decodo-workflow/internal/workflow/engine.go:106.2,109.16 3 0
github.com/piotr-halas/decodo-workflow/internal/workflow/engine.go:109.16,114.3 4 0
github.com/piotr-halas/decodo-workflow/internal/workflow/engine.go:116.2,118.25 2 0
github.com/piotr-halas/decodo-workflow/internal/workflow/engine.go:118.25,124.3 5 0
github.com/piotr-halas/decodo-workflow/internal/workflow/engine.go:126.2,130.45 4 0
github.com/piotr-halas/decodo-workflow/internal/workflow/engine.go:133.72,135.29 2 0
github.com/piotr-halas/decodo-workflow/internal/workflow/engine.go:135.29,138.3 2 0
github.com/piotr-halas/decodo-workflow/internal/workflow/engine.go:140.2,141.19 2 0
github.com/piotr-halas/decodo-workflow/internal/workflow/engine.go:141.19,144.3 2 0
github.com/piotr-halas/decodo-workflow/internal/workflow/engine.go:146.2,147.20 2 0
github.com/piotr-halas/decodo-workflow/internal/workflow/engine.go:147.20,150.3 2 0
github.com/piotr-halas/decodo-workflow/internal/workflow/engine.go:152.2,154.29 2 0
github.com/piotr-halas/decodo-workflow/internal/workflow/engine.go:154.29,157.3 2 0
github.com/piotr-halas/decodo-workflow/internal/workflow/engine.go:159.2,159.19 1 0
github.com/piotr-halas/decodo-workflow/internal/workflow/engine.go:160.27,161.42 1 0
github.com/piotr-halas/decodo-workflow/internal/workflow/engine.go:162.23,163.38 1 0
github.com/piotr-halas/decodo-workflow/internal/workflow/engine.go:164.23,165.38 1 0
github.com/piotr-halas/decodo-workflow/internal/workflow/engine.go:166.25,167.40 1 0
github.com/piotr-halas/decodo-workflow/internal/workflow/engine.go:168.25,169.28 1 0
github.com/piotr-halas/decodo-workflow/internal/workflow/engine.go:170.22,171.38 1 0
github.com/piotr-halas/decodo-workflow/internal/workflow/engine.go:175.110,188.119 3 0
github.com/piotr-halas/decodo-workflow/internal/workflow/engine.go:188.119,199.36 4 0
github.com/piotr-halas/decodo-workflow/internal/workflow/engine.go:199.36,210.4 3 0
github.com/piotr-halas/decodo-workflow/internal/workflow/engine.go:212.3,213.9 2 0
github.com/piotr-halas/decodo-workflow/internal/workflow/engine.go:216.2,225.61 4 0
github.com/piotr-halas/decodo-workflow/internal/workflow/engine.go:228.106,233.20 4 1
github.com/piotr-halas/decodo-workflow/internal/workflow/engine.go:233.20,236.3 2 0
github.com/piotr-halas/decodo-workflow/internal/workflow/engine.go:238.2,238.23 1 1
github.com/piotr-halas/decodo-workflow/internal/workflow/engine.go:238.23,242.3 3 1
github.com/piotr-halas/decodo-workflow/internal/workflow/engine.go:244.2,253.62 4 1
github.com/piotr-halas/decodo-workflow/internal/workflow/engine.go:256.106,262.99 2 1
github.com/piotr-halas/decodo-workflow/internal/workflow/engine.go:262.99,263.34 1 1
github.com/piotr-halas/decodo-workflow/internal/workflow/engine.go:263.34,267.4 3 0
github.com/piotr-halas/decodo-workflow/internal/workflow/engine.go:269.3,282.9 8 1
github.com/piotr-halas/decodo-workflow/internal/workflow/engine.go:285.2,286.20 2 1
github.com/piotr-halas/decodo-workflow/internal/workflow/engine.go:286.20,289.3 2 0
github.com/piotr-halas/decodo-workflow/internal/workflow/engine.go:291.2,291.25 1 1
github.com/piotr-halas/decodo-workflow/internal/workflow/engine.go:291.25,296.3 4 1
github.com/piotr-halas/decodo-workflow/internal/workflow/engine.go:298.2,307.64 4 1
github.com/piotr-halas/decodo-workflow/internal/workflow/engine.go:310.108,320.116 2 0
github.com/piotr-halas/decodo-workflow/internal/workflow/engine.go:320.116,323.43 3 0
github.com/piotr-halas/decodo-workflow/internal/workflow/engine.go:323.43,324.32 1 0
github.com/piotr-halas/decodo-workflow/internal/workflow/engine.go:324.32,326.5 1 0
github.com/piotr-halas/decodo-workflow/internal/workflow/engine.go:327.4,327.74 1 0
github.com/piotr-halas/decodo-workflow/internal/workflow/engine.go:330.3,330.18 1 0
github.com/piotr-halas/decodo-workflow/internal/workflow/engine.go:330.18,331.35 1 0
github.com/piotr-halas/decodo-workflow/internal/workflow/engine.go:331.35,335.5 3 0
github.com/piotr-halas/decodo-workflow/internal/workflow/engine.go:337.4,349.10 7 0
github.com/piotr-halas/decodo-workflow/internal/workflow/engine.go:353.2,354.134 2 0
github.com/piotr-halas/decodo-workflow/internal/workflow/engine.go:357.66,362.107 2 0
github.com/piotr-halas/decodo-workflow/internal/workflow/engine.go:362.107,365.3 2 0
github.com/piotr-halas/decodo-workflow/internal/workflow/engine.go:365.8,368.3 2 0
github.com/piotr-halas/decodo-workflow/internal/workflow/engine.go:371.60,375.15 3 0
github.com/piotr-halas/decodo-workflow/internal/workflow/engine.go:375.15,379.3 3 0
github.com/piotr-halas/decodo-workflow/internal/workflow/engine.go:381.2,381.13 1 0
github.com/piotr-halas/decodo-workflow/internal/workflow/engine.go:381.13,390.3 3 0
github.com/piotr-halas/decodo-workflow/internal/workflow/engine.go:393.54,395.29 2 0
github.com/piotr-halas/decodo-workflow/internal/workflow/engine.go:395.29,397.3 1 0
github.com/piotr-halas/decodo-workflow/internal/workflow/engine.go:399.2,399.33 1 0
github.com/piotr-halas/decodo-workflow/internal/workflow/engine.go:399.33,403.3 3 0
github.com/piotr-halas/decodo-workflow/internal/workflow/engine.go:405.2,414.124 4 0
github.com/piotr-halas/decodo-workflow/internal/workflow/engine.go:417.61,419.16 2 0
github.com/piotr-halas/decodo-workflow/internal/workflow/engine.go:419.16,421.3 1 0
github.com/piotr-halas/decodo-workflow/internal/workflow/engine.go:422.2,422.15 1 0
github.com/piotr-halas/decodo-workflow/internal/workflow/engine.go:422.15,424.3 1 0
github.com/piotr-halas/decodo-workflow/internal/workflow/engine.go:425.2,425.50 1 0
github.com/piotr-halas/decodo-workflow/internal/workflow/engine.go:425.50,427.3 1 0
github.com/piotr-halas/decodo-workflow/internal/workflow/engine.go:429.2,430.34 2 0
github.com/piotr-halas/decodo-workflow/internal/workflow/engine.go:430.34,432.3 1 0
github.com/piotr-halas/decodo-workflow/internal/workflow/engine.go:434.2,443.52 4 0
github.com/piotr-halas/decodo-workflow/internal/workflow/engine.go:443.52,445.3 1 0
github.com/piotr-halas/decodo-workflow/internal/workflow/engine.go:447.2,448.71 2 0
github.com/piotr-halas/decodo-workflow/internal/workflow/engine.go:451.60,453.16 2 0
github.com/piotr-halas/decodo-workflow/internal/workflow/engine.go:453.16,455.3 1 0
github.com/piotr-halas/decodo-workflow/internal/workflow/engine.go:456.2,456.15 1 0
github.com/piotr-halas/decodo-workflow/internal/workflow/engine.go:456.15,458.3 1 0
github.com/piotr-halas/decodo-workflow/internal/workflow/engine.go:460.2,461.84 2 0
github.com/piotr-halas/decodo-workflow/internal/workflow/engine.go:464.71,472.2 1 1
github.com/piotr-halas/decodo-workflow/internal/workflow/engine.go:474.48,478.6 3 0
github.com/piotr-halas/decodo-workflow/internal/workflow/engine.go:478.6,479.10 1 0
github.com/piotr-halas/decodo-workflow/internal/workflow/engine.go:480.15,481.10 1 0
github.com/piotr-halas/decodo-workflow/internal/workflow/engine.go:482.19,483.26 1 0
github.com/piotr-halas/decodo-workflow/internal/workflow/prompt_builder.go:15.70,17.2 1 1
github.com/piotr-halas/decodo-workflow/internal/workflow/prompt_builder.go:19.76,27.25 7 0
github.com/piotr-halas/decodo-workflow/internal/workflow/prompt_builder.go:27.25,29.3 1 0
github.com/piotr-halas/decodo-workflow/internal/workflow/prompt_builder.go:31.2,33.37 2 0
github.com/piotr-halas/decodo-workflow/internal/workflow/prompt_builder.go:33.37,35.3 1 0
github.com/piotr-halas/decodo-workflow/internal/workflow/prompt_builder.go:37.2,71.19 2 0
github.com/piotr-halas/decodo-workflow/internal/workflow/prompt_builder.go:74.105,79.23 4 0
github.com/piotr-halas/decodo-workflow/internal/workflow/prompt_builder.go:79.23,81.3 1 0
github.com/piotr-halas/decodo-workflow/internal/workflow/prompt_builder.go:83.2,91.19 9 0
github.com/piotr-halas/decodo-workflow/internal/workflow/prompt_builder.go:94.104,118.2 14 1
github.com/piotr-halas/decodo-workflow/internal/workflow/prompt_builder.go:120.93,147.2 13 1
github.com/piotr-halas/decodo-workflow/internal/workflow/prompt_builder.go:149.70,168.2 13 0
github.com/piotr-halas/decodo-workflow/internal/workflow/prompt_builder.go:170.118,183.2 12 1
github.com/piotr-halas/decodo-workflow/internal/api/handlers/health.go:8.53,14.2 2 0
github.com/piotr-halas/decodo-workflow/internal/api/handlers/projects.go:15.51,17.2 1 1
github.com/piotr-halas/decodo-workflow/internal/api/handlers/projects.go:28.73,30.61 2 1
github.com/piotr-halas/decodo-workflow/internal/api/handlers/projects.go:30.61,33.3 2 0
github.com/piotr-halas/decodo-workflow/internal/api/handlers/projects.go:34.2,34.42 1 1
github.com/piotr-halas/decodo-workflow/internal/api/handlers/projects.go:34.42,37.3 2 1
github.com/piotr-halas/decodo-workflow/internal/api/handlers/projects.go:39.2,48.52 2 1
github.com/piotr-halas/decodo-workflow/internal/api/handlers/projects.go:48.52,51.3 2 0
github.com/piotr-halas/decodo-workflow/internal/api/handlers/projects.go:53.2,55.36 3 1
github.com/piotr-halas/decodo-workflow/internal/api/handlers/projects.go:58.71,60.16 2 1
github.com/piotr-halas/decodo-workflow/internal/api/handlers/projects.go:60.16,63.3 2 0
github.com/piotr-halas/decodo-workflow/internal/api/handlers/projects.go:64.2,64.21 1 1
github.com/piotr-halas/decodo-workflow/internal/api/handlers/projects.go:64.21,66.3 1 0
github.com/piotr-halas/decodo-workflow/internal/api/handlers/projects.go:67.2,68.37 2 1
github.com/piotr-halas/decodo-workflow/internal/api/handlers/projects.go:71.70,74.16 3 1
github.com/piotr-halas/decodo-workflow/internal/api/handlers/projects.go:74.16,77.3 2 0
github.com/piotr-halas/decodo-workflow/internal/api/handlers/projects.go:78.2,78.20 1 1
github.com/piotr-halas/decodo-workflow/internal/api/handlers/projects.go:78.20,81.3 2 1
github.com/piotr-halas/decodo-workflow/internal/api/handlers/projects.go:82.2,83.36 2 1
github.com/piotr-halas/decodo-workflow/internal/api/handlers/projects.go:86.73,89.16 3 1
github.com/piotr-halas/decodo-workflow/internal/api/handlers/projects.go:89.16,92.3 2 0
github.com/piotr-halas/decodo-workflow/internal/api/handlers/projects.go:93.2,93.21 1 1
github.com/piotr-halas/decodo-workflow/internal/api/handlers/projects.go:93.21,96.3 2 1
github.com/piotr-halas/decodo-workflow/internal/api/handlers/projects.go:98.2,99.61 2 1
github.com/piotr-halas/decodo-workflow/internal/api/handlers/projects.go:99.61,102.3 2 0
github.com/piotr-halas/decodo-workflow/internal/api/handlers/projects.go:104.2,104.20 1 1
github.com/piotr-halas/decodo-workflow/internal/api/handlers/projects.go:104.20,106.3 1 1
github.com/piotr-halas/decodo-workflow/internal/api/handlers/projects.go:107.2,107.24 1 1
github.com/piotr-halas/decodo-workflow/internal/api/handlers/projects.go:107.24,109.3 1 1
github.com/piotr-halas/decodo-workflow/internal/api/handlers/projects.go:110.2,110.26 1 1
github.com/piotr-halas/decodo-workflow/internal/api/handlers/projects.go:110.26,112.3 1 0
github.com/piotr-halas/decodo-workflow/internal/api/handlers/projects.go:113.2,113.27 1 1
github.com/piotr-halas/decodo-workflow/internal/api/handlers/projects.go:113.27,115.3 1 0
github.com/piotr-halas/decodo-workflow/internal/api/handlers/projects.go:116.2,119.53 3 1
github.com/piotr-halas/decodo-workflow/internal/api/handlers/projects.go:119.53,122.3 2 0
github.com/piotr-halas/decodo-workflow/internal/api/handlers/projects.go:124.2,125.37 2 1
github.com/piotr-halas/decodo-workflow/internal/api/handlers/sse.go:16.43,18.2 1 0
github.com/piotr-halas/decodo-workflow/internal/api/handlers/sse.go:20.69,22.9 2 0
github.com/piotr-halas/decodo-workflow/internal/api/handlers/sse.go:22.9,25.3 2 0
github.com/piotr-halas/decodo-workflow/internal/api/handlers/sse.go:27.2,34.6 6 0
github.com/piotr-halas/decodo-workflow/internal/api/handlers/sse.go:34.6,35.10 1 0
github.com/piotr-halas/decodo-workflow/internal/api/handlers/sse.go:36.29,37.10 1 0
github.com/piotr-halas/decodo-workflow/internal/api/handlers/sse.go:38.19,46.19 4 0
github.com/piotr-halas/decodo-workflow/internal/api/handlers/tasks.go:17.45,19.2 1 1
github.com/piotr-halas/decodo-workflow/internal/api/handlers/tasks.go:21.74,25.16 3 1
github.com/piotr-halas/decodo-workflow/internal/api/handlers/tasks.go:25.16,28.3 2 1
github.com/piotr-halas/decodo-workflow/internal/api/handlers/tasks.go:29.2,29.17 1 1
github.com/piotr-halas/decodo-workflow/internal/api/handlers/tasks.go:29.17,32.3 2 1
github.com/piotr-halas/decodo-workflow/internal/api/handlers/tasks.go:34.2,40.9 6 1
github.com/piotr-halas/decodo-workflow/internal/api/handlers/tasks.go:40.9,43.3 2 0
github.com/piotr-halas/decodo-workflow/internal/api/handlers/tasks.go:45.2,46.16 2 1
github.com/piotr-halas/decodo-workflow/internal/api/handlers/tasks.go:46.16,49.3 2 0
github.com/piotr-halas/decodo-workflow/internal/api/handlers/tasks.go:51.2,51.37 1 1
github.com/piotr-halas/decodo-workflow/internal/api/handlers/tasks.go:51.37,55.3 3 1
github.com/piotr-halas/decodo-workflow/internal/api/handlers/tasks.go:57.2,57.39 1 1
github.com/piotr-halas/decodo-workflow/internal/api/handlers/tasks.go:57.39,59.3 1 1
github.com/piotr-halas/decodo-workflow/internal/api/handlers/tasks.go:61.2,62.29 2 1
github.com/piotr-halas/decodo-workflow/internal/api/handlers/tasks.go:62.29,64.3 1 1
github.com/piotr-halas/decodo-workflow/internal/api/handlers/tasks.go:66.2,71.6 4 1
github.com/piotr-halas/decodo-workflow/internal/api/handlers/tasks.go:71.6,72.10 1 1
github.com/piotr-halas/decodo-workflow/internal/api/handlers/tasks.go:73.29,74.10 1 0
github.com/piotr-halas/decodo-workflow/internal/api/handlers/tasks.go:75.18,76.10 1 0
github.com/piotr-halas/decodo-workflow/internal/api/handlers/tasks.go:77.19,79.33 2 1
github.com/piotr-halas/decodo-workflow/internal/api/handlers/tasks.go:79.33,81.5 1 0
github.com/piotr-halas/decodo-workflow/internal/api/handlers/tasks.go:83.4,83.41 1 1
github.com/piotr-halas/decodo-workflow/internal/api/handlers/tasks.go:83.41,85.5 1 1
github.com/piotr-halas/decodo-workflow/internal/api/handlers/tasks.go:87.4,88.18 2 1
github.com/piotr-halas/decodo-workflow/internal/api/handlers/tasks.go:88.18,90.5 1 0
github.com/piotr-halas/decodo-workflow/internal/api/handlers/tasks.go:92.4,92.32 1 1
github.com/piotr-halas/decodo-workflow/internal/api/handlers/tasks.go:92.32,97.5 4 1
github.com/piotr-halas/decodo-workflow/internal/api/handlers/tickets.go:15.49,17.2 1 0
github.com/piotr-halas/decodo-workflow/internal/api/handlers/tickets.go:28.72,32.61 3 0
github.com/piotr-halas/decodo-workflow/internal/api/handlers/tickets.go:32.61,35.3 2 0
github.com/piotr-halas/decodo-workflow/internal/api/handlers/tickets.go:36.2,36.23 1 0
github.com/piotr-halas/decodo-workflow/internal/api/handlers/tickets.go:36.23,39.3 2 0
github.com/piotr-halas/decodo-workflow/internal/api/handlers/tickets.go:41.2,54.50 2 0
github.com/piotr-halas/decodo-workflow/internal/api/handlers/tickets.go:54.50,57.3 2 0
github.com/piotr-halas/decodo-workflow/internal/api/handlers/tickets.go:59.2,61.35 3 0
github.com/piotr-halas/decodo-workflow/internal/api/handlers/tickets.go:64.79,67.16 3 0
github.com/piotr-halas/decodo-workflow/internal/api/handlers/tickets.go:67.16,70.3 2 0
github.com/piotr-halas/decodo-workflow/internal/api/handlers/tickets.go:71.2,71.20 1 0
github.com/piotr-halas/decodo-workflow/internal/api/handlers/tickets.go:71.20,73.3 1 0
github.com/piotr-halas/decodo-workflow/internal/api/handlers/tickets.go:74.2,75.36 2 0
github.com/piotr-halas/decodo-workflow/internal/api/handlers/tickets.go:78.70,80.16 2 0
github.com/piotr-halas/decodo-workflow/internal/api/handlers/tickets.go:80.16,83.3 2 0
github.com/piotr-halas/decodo-workflow/internal/api/handlers/tickets.go:84.2,84.20 1 0
github.com/piotr-halas/decodo-workflow/internal/api/handlers/tickets.go:84.20,86.3 1 0
github.com/piotr-halas/decodo-workflow/internal/api/handlers/tickets.go:87.2,88.36 2 0
github.com/piotr-halas/decodo-workflow/internal/api/handlers/tickets.go:91.74,93.15 2 0
github.com/piotr-halas/decodo-workflow/internal/api/handlers/tickets.go:93.15,96.3 2 0
github.com/piotr-halas/decodo-workflow/internal/api/handlers/tickets.go:98.2,99.16 2 0
github.com/piotr-halas/decodo-workflow/internal/api/handlers/tickets.go:99.16,102.3 2 0
github.com/piotr-halas/decodo-workflow/internal/api/handlers/tickets.go:103.2,103.19 1 0
github.com/piotr-halas/decodo-workflow/internal/api/handlers/tickets.go:103.19,106.3 2 0
github.com/piotr-halas/decodo-workflow/internal/api/handlers/tickets.go:108.2,109.35 2 0
github.com/piotr-halas/decodo-workflow/internal/api/handlers/workflows.go:17.78,19.2 1 0
github.com/piotr-halas/decodo-workflow/internal/api/handlers/workflows.go:26.73,30.61 3 0
github.com/piotr-halas/decodo-workflow/internal/api/handlers/workflows.go:30.61,33.3 2 0
github.com/piotr-halas/decodo-workflow/internal/api/handlers/workflows.go:35.2,38.24 3 0
github.com/piotr-halas/decodo-workflow/internal/api/handlers/workflows.go:38.24,40.3 1 0
github.com/piotr-halas/decodo-workflow/internal/api/handlers/workflows.go:40.8,40.32 1 0
github.com/piotr-halas/decodo-workflow/internal/api/handlers/workflows.go:40.32,42.3 1 0
github.com/piotr-halas/decodo-workflow/internal/api/handlers/workflows.go:42.8,45.3 2 0
github.com/piotr-halas/decodo-workflow/internal/api/handlers/workflows.go:47.2,47.16 1 0
github.com/piotr-halas/decodo-workflow/internal/api/handlers/workflows.go:47.16,50.3 2 0
github.com/piotr-halas/decodo-workflow/internal/api/handlers/workflows.go:51.2,51.19 1 0
github.com/piotr-halas/decodo-workflow/internal/api/handlers/workflows.go:51.19,54.3 2 0
github.com/piotr-halas/decodo-workflow/internal/api/handlers/workflows.go:56.2,57.16 2 0
github.com/piotr-halas/decodo-workflow/internal/api/handlers/workflows.go:57.16,60.3 2 0
github.com/piotr-halas/decodo-workflow/internal/api/handlers/workflows.go:61.2,61.20 1 0
github.com/piotr-halas/decodo-workflow/internal/api/handlers/workflows.go:61.20,64.3 2 0
github.com/piotr-halas/decodo-workflow/internal/api/handlers/workflows.go:66.2,67.16 2 0
github.com/piotr-halas/decodo-workflow/internal/api/handlers/workflows.go:67.16,70.3 2 0
github.com/piotr-halas/decodo-workflow/internal/api/handlers/workflows.go:72.2,74.31 3 0
github.com/piotr-halas/decodo-workflow/internal/api/handlers/workflows.go:77.81,80.16 3 0
github.com/piotr-halas/decodo-workflow/internal/api/handlers/workflows.go:80.16,83.3 2 0
github.com/piotr-halas/decodo-workflow/internal/api/handlers/workflows.go:84.2,84.22 1 0
github.com/piotr-halas/decodo-workflow/internal/api/handlers/workflows.go:84.22,86.3 1 0
github.com/piotr-halas/decodo-workflow/internal/api/handlers/workflows.go:87.2,88.38 2 0
github.com/piotr-halas/decodo-workflow/internal/api/handlers/workflows.go:91.72,93.16 2 0
github.com/piotr-halas/decodo-workflow/internal/api/handlers/workflows.go:93.16,96.3 2 0
github.com/piotr-halas/decodo-workflow/internal/api/handlers/workflows.go:97.2,97.22 1 0
github.com/piotr-halas/decodo-workflow/internal/api/handlers/workflows.go:97.22,99.3 1 0
github.com/piotr-halas/decodo-workflow/internal/api/handlers/workflows.go:100.2,101.38 2 0
github.com/piotr-halas/decodo-workflow/internal/api/handlers/workflows.go:104.71,107.16 3 0
github.com/piotr-halas/decodo-workflow/internal/api/handlers/workflows.go:107.16,110.3 2 0
github.com/piotr-halas/decodo-workflow/internal/api/handlers/workflows.go:111.2,111.15 1 0
github.com/piotr-halas/decodo-workflow/internal/api/handlers/workflows.go:111.15,114.3 2 0
github.com/piotr-halas/decodo-workflow/internal/api/handlers/workflows.go:115.2,116.31 2 0
github.com/piotr-halas/decodo-workflow/internal/api/handlers/workflows.go:119.76,122.16 3 0
github.com/piotr-halas/decodo-workflow/internal/api/handlers/workflows.go:122.16,125.3 2 0
github.com/piotr-halas/decodo-workflow/internal/api/handlers/workflows.go:126.2,126.18 1 0
github.com/piotr-halas/decodo-workflow/internal/api/handlers/workflows.go:126.18,128.3 1 0
github.com/piotr-halas/decodo-workflow/internal/api/handlers/workflows.go:129.2,130.34 2 0
github.com/piotr-halas/decodo-workflow/internal/api/handlers/workflows.go:133.75,136.16 3 0
github.com/piotr-halas/decodo-workflow/internal/api/handlers/workflows.go:136.16,139.3 2 0
github.com/piotr-halas/decodo-workflow/internal/api/handlers/workflows.go:140.2,140.21 1 0
github.com/piotr-halas/decodo-workflow/internal/api/handlers/workflows.go:140.21,142.3 1 0
github.com/piotr-halas/decodo-workflow/internal/api/handlers/workflows.go:143.2,144.37 2 0
github.com/piotr-halas/decodo-workflow/internal/api/handlers/workflows.go:147.75,149.55 2 0
github.com/piotr-halas/decodo-workflow/internal/api/handlers/workflows.go:149.55,152.3 2 0
github.com/piotr-halas/decodo-workflow/internal/api/handlers/workflows.go:153.2,154.68 2 0
github.com/piotr-halas/decodo-workflow/internal/api/handlers/workflows.go:157.74,159.54 2 0
github.com/piotr-halas/decodo-workflow/internal/api/handlers/workflows.go:159.54,162.3 2 0
github.com/piotr-halas/decodo-workflow/internal/api/handlers/workflows.go:163.2,164.68 2 0
